<?xml version="1.0" encoding="UTF-8"?>
<!-- Generated by org.testng.reporters.JUnitReportReporter -->
<testsuite hostname="ItsMyHp-0212" failures="0" tests="2" name="TestNG.TngDataProvider" time="11.130" errors="0" timestamp="2024-02-26T15:35:18 IST" skipped="0">
  <testcase classname="TestNG.TngDataProvider" name="OpenBroswer" time="4.248"/>
  <system-out/>
  <testcase classname="TestNG.TngDataProvider" name="OpenBroswer" time="6.882"/>
  <system-out/>
</testsuite> <!-- TestNG.TngDataProvider -->
