<?xml version="1.0" encoding="UTF-8"?>
<!-- Generated by org.testng.reporters.JUnitReportReporter -->
<testsuite hostname="ItsMyHp-0212" failures="0" tests="1" name="TestNG.TngAnnTwo" time="0.013" errors="0" timestamp="2024-02-27T12:43:25 IST" skipped="0">
  <testcase classname="TestNG.TngAnnTwo" name="method" time="0.013"/>
  <system-out/>
</testsuite> <!-- TestNG.TngAnnTwo -->
