<?xml version="1.0" encoding="UTF-8"?>
<!-- Generated by org.testng.reporters.JUnitReportReporter -->
<testsuite hostname="ItsMyHp-0212" failures="0" tests="1" name="Selenium2.AlertPractice" time="13.817" errors="0" timestamp="2024-04-12T12:10:18 IST" skipped="0">
  <testcase classname="Selenium2.AlertPractice" name="AutoT" time="13.817"/>
  <system-out/>
</testsuite> <!-- Selenium2.AlertPractice -->
