<?xml version="1.0" encoding="UTF-8"?>
<!-- Generated by org.testng.reporters.JUnitReportReporter -->
<testsuite hostname="ItsMyHp-0212" failures="0" tests="2" name="TestNG2.TngAnnTwo" time="0.001" errors="0" timestamp="2024-02-27T12:43:25 IST" skipped="0">
  <testcase classname="TestNG2.TngAnnTwo" name="method" time="0.001"/>
  <system-out/>
  <testcase classname="TestNG2.TngAnnTwo" name="method1" time="0.000"/>
  <system-out/>
</testsuite> <!-- TestNG2.TngAnnTwo -->
