<?xml version="1.0" encoding="UTF-8"?>
<!-- Generated by org.testng.reporters.JUnitReportReporter -->
<testsuite hostname="ItsMyHp-0212" failures="0" tests="1" name="SeleniumPracticeWOFramework.SelectPractice" time="6.225" errors="0" timestamp="2024-02-06T08:53:55 IST" skipped="0">
  <testcase classname="SeleniumPracticeWOFramework.SelectPractice" name="method1" time="6.225"/>
  <system-out/>
</testsuite> <!-- SeleniumPracticeWOFramework.SelectPractice -->
