<?xml version="1.0" encoding="UTF-8"?>
<!-- Generated by org.testng.reporters.JUnitReportReporter -->
<testsuite hostname="ItsMyHp-0212" failures="0" tests="2" name="TestNG.TngAnnotations" time="0.001" errors="0" timestamp="2024-02-27T12:43:25 IST" skipped="1">
  <testcase classname="TestNG.TngAnnotations" name="method1" time="0.001"/>
  <system-out/>
  <testcase classname="TestNG.TngAnnotations" name="method2">
    <skipped/>
  </testcase> <!-- method2 -->
  <system-out/>
</testsuite> <!-- TestNG.TngAnnotations -->
