<?xml version="1.0" encoding="UTF-8"?>
<!-- Generated by org.testng.reporters.JUnitReportReporter -->
<testsuite hostname="ItsMyHp-0212" failures="0" tests="2" name="TestNG2.AnnAndAssertions" time="0.012" errors="0" timestamp="2024-02-26T15:35:18 IST" skipped="0">
  <testcase classname="TestNG2.AnnAndAssertions" name="M1" time="0.010"/>
  <system-out/>
  <testcase classname="TestNG2.AnnAndAssertions" name="M3" time="0.002"/>
  <system-out/>
</testsuite> <!-- TestNG2.AnnAndAssertions -->
