<?xml version="1.0" encoding="UTF-8"?>
<!-- Generated by org.testng.reporters.JUnitReportReporter -->
<testsuite hostname="ItsMyHp-0212" failures="0" tests="1" name="TestNG.DataProvider2" time="6.590" errors="0" timestamp="2024-02-27T12:51:07 IST" skipped="0">
  <testcase classname="TestNG.DataProvider2" name="EnterName" time="6.590"/>
  <system-out/>
</testsuite> <!-- TestNG.DataProvider2 -->
