<?xml version="1.0" encoding="UTF-8"?>
<!-- Generated by org.testng.reporters.JUnitReportReporter -->
<testsuite hostname="ItsMyHp-0212" failures="0" tests="1" name="SeleniumPracticeWOFramework.AlertPractice" time="7.531" errors="0" timestamp="2024-02-06T07:44:48 IST" skipped="0">
  <testcase classname="SeleniumPracticeWOFramework.AlertPractice" name="AutoT" time="7.531"/>
  <system-out/>
</testsuite> <!-- SeleniumPracticeWOFramework.AlertPractice -->
